0 info it worked if it ends with ok
1 verbose cli [ '/Users/meikidd/gitlab/nvm/versions/node/v6.0.0/bin/node',
1 verbose cli   '/usr/local/lib/node_modules/tnpm/node_modules/ali-npm/bin/npm-cli.js',
1 verbose cli   '--fse_binary_host_mirror=https://npm.taobao.org/mirrors/fsevents/',
1 verbose cli   '--no-proxy',
1 verbose cli   '--disturl=https://npm.taobao.org/mirrors/node',
1 verbose cli   '--userconfig=/Users/meikidd/.tnpmrc',
1 verbose cli   '--registry=http://registry.npm.alibaba-inc.com',
1 verbose cli   '--node-gyp=/usr/local/lib/node_modules/tnpm/node_modules/node-gyp/bin/node-gyp.js',
1 verbose cli   '--cache=/Users/meikidd/.tnpm',
1 verbose cli   'version',
1 verbose cli   'patch' ]
2 info using npm@2.15.2
3 info using node@v6.0.0
4 info git [ 'status', '--porcelain' ]
5 verbose stack Error: Git working directory not clean.
5 verbose stack M index.js
5 verbose stack     at /usr/local/lib/node_modules/tnpm/node_modules/ali-npm/lib/version.js:171:21
5 verbose stack     at ChildProcess.exithandler (child_process.js:193:7)
5 verbose stack     at emitTwo (events.js:106:13)
5 verbose stack     at ChildProcess.emit (events.js:191:7)
5 verbose stack     at maybeClose (internal/child_process.js:850:16)
5 verbose stack     at Socket.<anonymous> (internal/child_process.js:323:11)
5 verbose stack     at emitOne (events.js:96:13)
5 verbose stack     at Socket.emit (events.js:188:7)
5 verbose stack     at Pipe._handle.close [as _onclose] (net.js:485:12)
6 verbose cwd /Users/meikidd/github/koa-adam-locale
7 error Darwin 14.5.0
8 error argv "/Users/meikidd/gitlab/nvm/versions/node/v6.0.0/bin/node" "/usr/local/lib/node_modules/tnpm/node_modules/ali-npm/bin/npm-cli.js" "--fse_binary_host_mirror=https://npm.taobao.org/mirrors/fsevents/" "--no-proxy" "--disturl=https://npm.taobao.org/mirrors/node" "--userconfig=/Users/meikidd/.tnpmrc" "--registry=http://registry.npm.alibaba-inc.com" "--node-gyp=/usr/local/lib/node_modules/tnpm/node_modules/node-gyp/bin/node-gyp.js" "--cache=/Users/meikidd/.tnpm" "version" "patch"
9 error node v6.0.0
10 error npm  v2.15.2
11 error Git working directory not clean.
11 error M index.js
12 error If you need help, you may report this error at:
12 error     <https://github.com/npm/npm/issues>
13 verbose exit [ 1, true ]
